<?xml version="1.0" encoding="UTF-8"?>
<coverage generated="1786470528425" clover="3.2.0">
  <project timestamp="1786470528425" name="All files">
    <metrics statements="55" coveredstatements="49" conditionals="30" coveredconditionals="24" methods="26" coveredmethods="20" elements="111" coveredelements="93" complexity="0" loc="55" ncloc="55" packages="2" files="3" classes="3"/>
    <package name="src">
      <metrics statements="23" coveredstatements="20" conditionals="10" coveredconditionals="8" methods="12" coveredmethods="9"/>
      <file name="api.ts" path="/home/user/OpenADE/apps/desktop/src/api.ts">
        <metrics statements="23" coveredstatements="20" conditionals="10" coveredconditionals="8" methods="12" coveredmethods="9"/>
        <line num="6" count="2" type="stmt"/>
        <line num="49" count="2" type="cond" truecount="2" falsecount="0"/>
        <line num="53" count="8" type="stmt"/>
        <line num="57" count="8" type="cond" truecount="2" falsecount="0"/>
        <line num="58" count="1" type="stmt"/>
        <line num="59" count="1" type="stmt"/>
        <line num="60" count="1" type="stmt"/>
        <line num="61" count="1" type="cond" truecount="1" falsecount="1"/>
        <line num="63" count="0" type="stmt"/>
        <line num="65" count="1" type="cond" truecount="1" falsecount="1"/>
        <line num="67" count="7" type="cond" truecount="2" falsecount="0"/>
        <line num="68" count="1" type="stmt"/>
        <line num="70" count="6" type="stmt"/>
        <line num="74" count="1" type="stmt"/>
        <line num="78" count="1" type="stmt"/>
        <line num="82" count="0" type="stmt"/>
        <line num="86" count="1" type="stmt"/>
        <line num="93" count="1" type="stmt"/>
        <line num="97" count="1" type="stmt"/>
        <line num="101" count="0" type="stmt"/>
        <line num="105" count="1" type="stmt"/>
        <line num="109" count="1" type="stmt"/>
        <line num="116" count="1" type="stmt"/>
      </file>
    </package>
    <package name="src.components">
      <metrics statements="32" coveredstatements="29" conditionals="20" coveredconditionals="16" methods="14" coveredmethods="11"/>
      <file name="NewSessionForm.tsx" path="/home/user/OpenADE/apps/desktop/src/components/NewSessionForm.tsx">
        <metrics statements="30" coveredstatements="27" conditionals="14" coveredconditionals="10" methods="13" coveredmethods="10"/>
        <line num="17" count="47" type="stmt"/>
        <line num="18" count="47" type="stmt"/>
        <line num="19" count="47" type="stmt"/>
        <line num="20" count="47" type="stmt"/>
        <line num="21" count="47" type="stmt"/>
        <line num="22" count="47" type="stmt"/>
        <line num="23" count="47" type="stmt"/>
        <line num="24" count="47" type="stmt"/>
        <line num="26" count="47" type="stmt"/>
        <line num="27" count="3" type="stmt"/>
        <line num="29" count="3" type="stmt"/>
        <line num="30" count="3" type="cond" truecount="2" falsecount="2"/>
        <line num="32" count="0" type="stmt"/>
        <line num="35" count="47" type="stmt"/>
        <line num="36" count="2" type="stmt"/>
        <line num="37" count="2" type="stmt"/>
        <line num="38" count="2" type="stmt"/>
        <line num="39" count="2" type="stmt"/>
        <line num="40" count="2" type="stmt"/>
        <line num="47" count="1" type="stmt"/>
        <line num="49" count="1" type="cond" truecount="1" falsecount="1"/>
        <line num="51" count="2" type="stmt"/>
        <line num="55" count="47" type="stmt"/>
        <line num="62" count="12" type="stmt"/>
        <line num="73" count="1" type="stmt"/>
        <line num="77" count="141" type="stmt"/>
        <line num="88" count="0" type="stmt"/>
        <line num="96" count="44" type="stmt"/>
        <line num="105" count="24" type="stmt"/>
        <line num="115" count="0" type="stmt"/>
      </file>
      <file name="SessionCard.tsx" path="/home/user/OpenADE/apps/desktop/src/components/SessionCard.tsx">
        <metrics statements="2" coveredstatements="2" conditionals="6" coveredconditionals="6" methods="1" coveredmethods="1"/>
        <line num="3" count="1" type="stmt"/>
        <line num="18" count="3" type="stmt"/>
      </file>
    </package>
  </project>
</coverage>
