{"/home/user/OpenADE/apps/desktop/src/api.ts": {"path":"/home/user/OpenADE/apps/desktop/src/api.ts","statementMap":{"0":{"start":{"line":6,"column":59},"end":{"line":10,"column":null}},"1":{"start":{"line":49,"column":3},"end":{"line":50,"column":null}},"2":{"start":{"line":53,"column":14},"end":{"line":56,"column":null}},"3":{"start":{"line":57,"column":2},"end":{"line":66,"column":null}},"4":{"start":{"line":58,"column":17},"end":{"line":58,"column":null}},"5":{"start":{"line":59,"column":4},"end":{"line":64,"column":null}},"6":{"start":{"line":60,"column":20},"end":{"line":60,"column":null}},"7":{"start":{"line":61,"column":6},"end":{"line":61,"column":null}},"8":{"start":{"line":63,"column":6},"end":{"line":63,"column":null}},"9":{"start":{"line":63,"column":44},"end":{"line":63,"column":46}},"10":{"start":{"line":65,"column":4},"end":{"line":65,"column":null}},"11":{"start":{"line":67,"column":2},"end":{"line":69,"column":null}},"12":{"start":{"line":68,"column":4},"end":{"line":68,"column":null}},"13":{"start":{"line":70,"column":2},"end":{"line":70,"column":null}},"14":{"start":{"line":74,"column":2},"end":{"line":74,"column":null}},"15":{"start":{"line":78,"column":2},"end":{"line":78,"column":null}},"16":{"start":{"line":82,"column":2},"end":{"line":82,"column":null}},"17":{"start":{"line":86,"column":2},"end":{"line":89,"column":null}},"18":{"start":{"line":93,"column":2},"end":{"line":93,"column":null}},"19":{"start":{"line":97,"column":2},"end":{"line":97,"column":null}},"20":{"start":{"line":101,"column":2},"end":{"line":101,"column":null}},"21":{"start":{"line":105,"column":2},"end":{"line":105,"column":null}},"22":{"start":{"line":109,"column":2},"end":{"line":109,"column":null}},"23":{"start":{"line":116,"column":2},"end":{"line":119,"column":null}}},"fnMap":{"0":{"name":"request","decl":{"start":{"line":52,"column":15},"end":{"line":52,"column":26}},"loc":{"start":{"line":52,"column":72},"end":{"line":71,"column":null}},"line":52},"1":{"name":"(anonymous_1)","decl":{"start":{"line":63,"column":38},"end":{"line":63,"column":44}},"loc":{"start":{"line":63,"column":44},"end":{"line":63,"column":46}},"line":63},"2":{"name":"listSessions","decl":{"start":{"line":73,"column":16},"end":{"line":73,"column":69}},"loc":{"start":{"line":73,"column":69},"end":{"line":75,"column":null}},"line":73},"3":{"name":"createSession","decl":{"start":{"line":77,"column":16},"end":{"line":77,"column":30}},"loc":{"start":{"line":77,"column":79},"end":{"line":79,"column":null}},"line":77},"4":{"name":"getScrollback","decl":{"start":{"line":81,"column":16},"end":{"line":81,"column":30}},"loc":{"start":{"line":81,"column":75},"end":{"line":83,"column":null}},"line":81},"5":{"name":"sendInput","decl":{"start":{"line":85,"column":16},"end":{"line":85,"column":26}},"loc":{"start":{"line":85,"column":67},"end":{"line":90,"column":null}},"line":85},"6":{"name":"killSession","decl":{"start":{"line":92,"column":16},"end":{"line":92,"column":28}},"loc":{"start":{"line":92,"column":62},"end":{"line":94,"column":null}},"line":92},"7":{"name":"getDiff","decl":{"start":{"line":96,"column":16},"end":{"line":96,"column":24}},"loc":{"start":{"line":96,"column":63},"end":{"line":98,"column":null}},"line":96},"8":{"name":"getFiles","decl":{"start":{"line":100,"column":16},"end":{"line":100,"column":25}},"loc":{"start":{"line":100,"column":67},"end":{"line":102,"column":null}},"line":100},"9":{"name":"listProjects","decl":{"start":{"line":104,"column":16},"end":{"line":104,"column":64}},"loc":{"start":{"line":104,"column":64},"end":{"line":106,"column":null}},"line":104},"10":{"name":"publishArtifact","decl":{"start":{"line":108,"column":16},"end":{"line":108,"column":32}},"loc":{"start":{"line":108,"column":67},"end":{"line":110,"column":null}},"line":108},"11":{"name":"handoffSession","decl":{"start":{"line":112,"column":16},"end":{"line":112,"column":null}},"loc":{"start":{"line":115,"column":24},"end":{"line":120,"column":null}},"line":115}},"branchMap":{"0":{"loc":{"start":{"line":49,"column":3},"end":{"line":50,"column":null}},"type":"binary-expr","locations":[{"start":{"line":49,"column":3},"end":{"line":50,"column":33}},{"start":{"line":50,"column":33},"end":{"line":50,"column":null}}],"line":49},"1":{"loc":{"start":{"line":57,"column":2},"end":{"line":66,"column":null}},"type":"if","locations":[{"start":{"line":57,"column":2},"end":{"line":66,"column":null}},{"start":{},"end":{}}],"line":57},"2":{"loc":{"start":{"line":61,"column":15},"end":{"line":61,"column":null}},"type":"binary-expr","locations":[{"start":{"line":61,"column":15},"end":{"line":61,"column":29}},{"start":{"line":61,"column":29},"end":{"line":61,"column":null}}],"line":61},"3":{"loc":{"start":{"line":65,"column":20},"end":{"line":65,"column":76}},"type":"cond-expr","locations":[{"start":{"line":65,"column":36},"end":{"line":65,"column":45}},{"start":{"line":65,"column":45},"end":{"line":65,"column":76}}],"line":65},"4":{"loc":{"start":{"line":67,"column":2},"end":{"line":69,"column":null}},"type":"if","locations":[{"start":{"line":67,"column":2},"end":{"line":69,"column":null}},{"start":{},"end":{}}],"line":67}},"s":{"0":2,"1":2,"2":8,"3":8,"4":1,"5":1,"6":1,"7":1,"8":0,"9":0,"10":1,"11":7,"12":1,"13":6,"14":1,"15":1,"16":0,"17":1,"18":1,"19":1,"20":0,"21":1,"22":1,"23":1},"f":{"0":8,"1":0,"2":1,"3":1,"4":0,"5":1,"6":1,"7":1,"8":0,"9":1,"10":1,"11":1},"b":{"0":[2,2],"1":[1,7],"2":[1,0],"3":[1,0],"4":[1,6]},"meta":{"lastBranch":5,"lastFunction":12,"lastStatement":24,"seen":{"s:6:59:10:Infinity":0,"s:49:3:50:Infinity":1,"b:49:3:50:33:50:33:50:Infinity":0,"f:52:15:52:26":0,"s:53:14:56:Infinity":2,"b:57:2:66:Infinity:undefined:undefined:undefined:undefined":1,"s:57:2:66:Infinity":3,"s:58:17:58:Infinity":4,"s:59:4:64:Infinity":5,"s:60:20:60:Infinity":6,"s:61:6:61:Infinity":7,"b:61:15:61:29:61:29:61:Infinity":2,"s:63:6:63:Infinity":8,"f:63:38:63:44":1,"s:63:44:63:46":9,"s:65:4:65:Infinity":10,"b:65:36:65:45:65:45:65:76":3,"b:67:2:69:Infinity:undefined:undefined:undefined:undefined":4,"s:67:2:69:Infinity":11,"s:68:4:68:Infinity":12,"s:70:2:70:Infinity":13,"f:73:16:73:69":2,"s:74:2:74:Infinity":14,"f:77:16:77:30":3,"s:78:2:78:Infinity":15,"f:81:16:81:30":4,"s:82:2:82:Infinity":16,"f:85:16:85:26":5,"s:86:2:89:Infinity":17,"f:92:16:92:28":6,"s:93:2:93:Infinity":18,"f:96:16:96:24":7,"s:97:2:97:Infinity":19,"f:100:16:100:25":8,"s:101:2:101:Infinity":20,"f:104:16:104:64":9,"s:105:2:105:Infinity":21,"f:108:16:108:32":10,"s:109:2:109:Infinity":22,"f:112:16:112:Infinity":11,"s:116:2:119:Infinity":23},"fnNames":{}}}
,"/home/user/OpenADE/apps/desktop/src/components/NewSessionForm.tsx": {"path":"/home/user/OpenADE/apps/desktop/src/components/NewSessionForm.tsx","statementMap":{"0":{"start":{"line":17,"column":24},"end":{"line":17,"column":null}},"1":{"start":{"line":18,"column":28},"end":{"line":18,"column":null}},"2":{"start":{"line":19,"column":30},"end":{"line":19,"column":null}},"3":{"start":{"line":20,"column":32},"end":{"line":20,"column":null}},"4":{"start":{"line":21,"column":26},"end":{"line":21,"column":null}},"5":{"start":{"line":22,"column":30},"end":{"line":22,"column":null}},"6":{"start":{"line":23,"column":24},"end":{"line":23,"column":null}},"7":{"start":{"line":24,"column":22},"end":{"line":24,"column":null}},"8":{"start":{"line":26,"column":2},"end":{"line":33,"column":null}},"9":{"start":{"line":27,"column":4},"end":{"line":32,"column":null}},"10":{"start":{"line":29,"column":8},"end":{"line":29,"column":null}},"11":{"start":{"line":30,"column":8},"end":{"line":30,"column":null}},"12":{"start":{"line":30,"column":34},"end":{"line":30,"column":81}},"13":{"start":{"line":32,"column":19},"end":{"line":32,"column":34}},"14":{"start":{"line":35,"column":17},"end":{"line":53,"column":null}},"15":{"start":{"line":36,"column":4},"end":{"line":36,"column":null}},"16":{"start":{"line":37,"column":4},"end":{"line":37,"column":null}},"17":{"start":{"line":38,"column":4},"end":{"line":38,"column":null}},"18":{"start":{"line":39,"column":4},"end":{"line":52,"column":null}},"19":{"start":{"line":40,"column":22},"end":{"line":46,"column":null}},"20":{"start":{"line":47,"column":6},"end":{"line":47,"column":null}},"21":{"start":{"line":49,"column":6},"end":{"line":49,"column":null}},"22":{"start":{"line":51,"column":6},"end":{"line":51,"column":null}},"23":{"start":{"line":55,"column":2},"end":{"line":133,"column":null}},"24":{"start":{"line":62,"column":27},"end":{"line":62,"column":null}},"25":{"start":{"line":73,"column":27},"end":{"line":73,"column":null}},"26":{"start":{"line":77,"column":12},"end":{"line":79,"column":null}},"27":{"start":{"line":88,"column":27},"end":{"line":88,"column":null}},"28":{"start":{"line":96,"column":12},"end":{"line":96,"column":null}},"29":{"start":{"line":105,"column":27},"end":{"line":105,"column":null}},"30":{"start":{"line":115,"column":27},"end":{"line":115,"column":null}}},"fnMap":{"0":{"name":"NewSessionForm","decl":{"start":{"line":10,"column":16},"end":{"line":10,"column":31}},"loc":{"start":{"line":16,"column":3},"end":{"line":135,"column":null}},"line":16},"1":{"name":"(anonymous_1)","decl":{"start":{"line":26,"column":12},"end":{"line":26,"column":18}},"loc":{"start":{"line":26,"column":18},"end":{"line":33,"column":5}},"line":26},"2":{"name":"(anonymous_2)","decl":{"start":{"line":28,"column":12},"end":{"line":28,"column":13}},"loc":{"start":{"line":28,"column":30},"end":{"line":31,"column":7}},"line":28},"3":{"name":"(anonymous_3)","decl":{"start":{"line":30,"column":20},"end":{"line":30,"column":21}},"loc":{"start":{"line":30,"column":34},"end":{"line":30,"column":81}},"line":30},"4":{"name":"(anonymous_4)","decl":{"start":{"line":32,"column":13},"end":{"line":32,"column":19}},"loc":{"start":{"line":32,"column":19},"end":{"line":32,"column":34}},"line":32},"5":{"name":"(anonymous_5)","decl":{"start":{"line":35,"column":17},"end":{"line":35,"column":24}},"loc":{"start":{"line":35,"column":41},"end":{"line":53,"column":null}},"line":35},"6":{"name":"(anonymous_6)","decl":{"start":{"line":62,"column":20},"end":{"line":62,"column":21}},"loc":{"start":{"line":62,"column":27},"end":{"line":62,"column":null}},"line":62},"7":{"name":"(anonymous_7)","decl":{"start":{"line":73,"column":20},"end":{"line":73,"column":21}},"loc":{"start":{"line":73,"column":27},"end":{"line":73,"column":null}},"line":73},"8":{"name":"(anonymous_8)","decl":{"start":{"line":76,"column":25},"end":{"line":76,"column":26}},"loc":{"start":{"line":77,"column":12},"end":{"line":79,"column":null}},"line":77},"9":{"name":"(anonymous_9)","decl":{"start":{"line":88,"column":20},"end":{"line":88,"column":21}},"loc":{"start":{"line":88,"column":27},"end":{"line":88,"column":null}},"line":88},"10":{"name":"(anonymous_10)","decl":{"start":{"line":95,"column":24},"end":{"line":95,"column":25}},"loc":{"start":{"line":96,"column":12},"end":{"line":96,"column":null}},"line":96},"11":{"name":"(anonymous_11)","decl":{"start":{"line":105,"column":20},"end":{"line":105,"column":21}},"loc":{"start":{"line":105,"column":27},"end":{"line":105,"column":null}},"line":105},"12":{"name":"(anonymous_12)","decl":{"start":{"line":115,"column":20},"end":{"line":115,"column":21}},"loc":{"start":{"line":115,"column":27},"end":{"line":115,"column":null}},"line":115}},"branchMap":{"0":{"loc":{"start":{"line":30,"column":34},"end":{"line":30,"column":81}},"type":"cond-expr","locations":[{"start":{"line":30,"column":52},"end":{"line":30,"column":73}},{"start":{"line":30,"column":73},"end":{"line":30,"column":81}}],"line":30},"1":{"loc":{"start":{"line":30,"column":52},"end":{"line":30,"column":73}},"type":"binary-expr","locations":[{"start":{"line":30,"column":52},"end":{"line":30,"column":67}},{"start":{"line":30,"column":67},"end":{"line":30,"column":73}}],"line":30},"2":{"loc":{"start":{"line":44,"column":20},"end":{"line":44,"column":null}},"type":"cond-expr","locations":[{"start":{"line":44,"column":39},"end":{"line":44,"column":51}},{"start":{"line":44,"column":51},"end":{"line":44,"column":null}}],"line":44},"3":{"loc":{"start":{"line":45,"column":16},"end":{"line":45,"column":null}},"type":"cond-expr","locations":[{"start":{"line":45,"column":32},"end":{"line":45,"column":44}},{"start":{"line":45,"column":44},"end":{"line":45,"column":null}}],"line":45},"4":{"loc":{"start":{"line":49,"column":15},"end":{"line":49,"column":63}},"type":"cond-expr","locations":[{"start":{"line":49,"column":38},"end":{"line":49,"column":52}},{"start":{"line":49,"column":52},"end":{"line":49,"column":63}}],"line":49},"5":{"loc":{"start":{"line":120,"column":7},"end":{"line":123,"column":null}},"type":"binary-expr","locations":[{"start":{"line":120,"column":7},"end":{"line":120,"column":null}},{"start":{"line":121,"column":8},"end":{"line":123,"column":null}}],"line":120},"6":{"loc":{"start":{"line":127,"column":11},"end":{"line":127,"column":null}},"type":"cond-expr","locations":[{"start":{"line":127,"column":18},"end":{"line":127,"column":33}},{"start":{"line":127,"column":33},"end":{"line":127,"column":null}}],"line":127}},"s":{"0":47,"1":47,"2":47,"3":47,"4":47,"5":47,"6":47,"7":47,"8":47,"9":3,"10":3,"11":3,"12":3,"13":0,"14":47,"15":2,"16":2,"17":2,"18":2,"19":2,"20":1,"21":1,"22":2,"23":47,"24":12,"25":1,"26":141,"27":0,"28":44,"29":24,"30":0},"f":{"0":47,"1":3,"2":3,"3":3,"4":0,"5":2,"6":12,"7":1,"8":141,"9":0,"10":44,"11":24,"12":0},"b":{"0":[3,0],"1":[3,0],"2":[1,1],"3":[2,0],"4":[1,0],"5":[47,1],"6":[2,45]},"meta":{"lastBranch":7,"lastFunction":13,"lastStatement":31,"seen":{"f:10:16:10:31":0,"s:17:24:17:Infinity":0,"s:18:28:18:Infinity":1,"s:19:30:19:Infinity":2,"s:20:32:20:Infinity":3,"s:21:26:21:Infinity":4,"s:22:30:22:Infinity":5,"s:23:24:23:Infinity":6,"s:24:22:24:Infinity":7,"s:26:2:33:Infinity":8,"f:26:12:26:18":1,"s:27:4:32:Infinity":9,"f:28:12:28:13":2,"s:29:8:29:Infinity":10,"s:30:8:30:Infinity":11,"f:30:20:30:21":3,"s:30:34:30:81":12,"b:30:52:30:73:30:73:30:81":0,"b:30:52:30:67:30:67:30:73":1,"f:32:13:32:19":4,"s:32:19:32:34":13,"s:35:17:53:Infinity":14,"f:35:17:35:24":5,"s:36:4:36:Infinity":15,"s:37:4:37:Infinity":16,"s:38:4:38:Infinity":17,"s:39:4:52:Infinity":18,"s:40:22:46:Infinity":19,"b:44:39:44:51:44:51:44:Infinity":2,"b:45:32:45:44:45:44:45:Infinity":3,"s:47:6:47:Infinity":20,"s:49:6:49:Infinity":21,"b:49:38:49:52:49:52:49:63":4,"s:51:6:51:Infinity":22,"s:55:2:133:Infinity":23,"f:62:20:62:21":6,"s:62:27:62:Infinity":24,"f:73:20:73:21":7,"s:73:27:73:Infinity":25,"f:76:25:76:26":8,"s:77:12:79:Infinity":26,"f:88:20:88:21":9,"s:88:27:88:Infinity":27,"f:95:24:95:25":10,"s:96:12:96:Infinity":28,"f:105:20:105:21":11,"s:105:27:105:Infinity":29,"f:115:20:115:21":12,"s:115:27:115:Infinity":30,"b:120:7:120:Infinity:121:8:123:Infinity":5,"b:127:18:127:33:127:33:127:Infinity":6},"fnNames":{}}}
,"/home/user/OpenADE/apps/desktop/src/components/SessionCard.tsx": {"path":"/home/user/OpenADE/apps/desktop/src/components/SessionCard.tsx","statementMap":{"0":{"start":{"line":3,"column":63},"end":{"line":7,"column":null}},"1":{"start":{"line":18,"column":2},"end":{"line":35,"column":null}}},"fnMap":{"0":{"name":"SessionCard","decl":{"start":{"line":9,"column":16},"end":{"line":9,"column":28}},"loc":{"start":{"line":17,"column":3},"end":{"line":37,"column":null}},"line":17}},"branchMap":{"0":{"loc":{"start":{"line":20,"column":33},"end":{"line":20,"column":59}},"type":"cond-expr","locations":[{"start":{"line":20,"column":44},"end":{"line":20,"column":57}},{"start":{"line":20,"column":57},"end":{"line":20,"column":59}}],"line":20},"1":{"loc":{"start":{"line":29,"column":7},"end":{"line":32,"column":null}},"type":"binary-expr","locations":[{"start":{"line":29,"column":7},"end":{"line":29,"column":null}},{"start":{"line":30,"column":8},"end":{"line":32,"column":null}}],"line":29},"2":{"loc":{"start":{"line":34,"column":7},"end":{"line":34,"column":null}},"type":"binary-expr","locations":[{"start":{"line":34,"column":7},"end":{"line":34,"column":25}},{"start":{"line":34,"column":25},"end":{"line":34,"column":null}}],"line":34}},"s":{"0":1,"1":3},"f":{"0":3},"b":{"0":[1,2],"1":[3,3],"2":[3,3]},"meta":{"lastBranch":3,"lastFunction":1,"lastStatement":2,"seen":{"s:3:63:7:Infinity":0,"f:9:16:9:28":0,"s:18:2:35:Infinity":1,"b:20:44:20:57:20:57:20:59":0,"b:29:7:29:Infinity:30:8:32:Infinity":1,"b:34:7:34:25:34:25:34:Infinity":2},"fnNames":{}}}
}
